<?xml version="1.0" encoding="UTF-8"?>
<beans xmlns="http://www.springframework.org/schema/beans"
	xmlns:amq="http://activemq.apache.org/schema/core" xmlns:xsi="http://www.w3.org/2001/XMLSchema-instance"
	xmlns:tx="http://www.springframework.org/schema/tx"
	xsi:schemaLocation="http://www.springframework.org/schema/beans 
                        http://www.springframework.org/schema/beans/spring-beans-2.5.xsd
                        http://www.springframework.org/schema/tx
                        http://www.springframework.org/schema/tx/spring-tx.xsd">

	<bean id="dataSource"
		class="org.springframework.jdbc.datasource.DriverManagerDataSource">
		<property name="driverClassName" value="org.hsqldb.jdbcDriver" />
		<property name="url" value="jdbc:hsqldb:mem:candidate" />
		<property name="username" value="sa" />
		<property name="password" value="" />
	</bean>

	<!-- Hibernate session factory -->
	<bean id="sessionFactory"
		class="org.springframework.orm.hibernate3.annotation.AnnotationSessionFactoryBean">
		<property name="dataSource" ref="dataSource" />
		<property name="packagesToScan" value="com.jaymen.candidate.domain" />
		<property name="hibernateProperties">
			<props>
				<prop key="hibernate.dialect">org.hibernate.dialect.HSQLDialect
				</prop>
				<prop key="hibernate.show_sql">true</prop>
				<prop key="hibernate.format_sql">true</prop>
				<prop key="hibernate.hbm2ddl.auto">create-drop</prop>
			</props>
		</property>
	</bean>

	<bean id="transactionManager"
		class="org.springframework.orm.hibernate3.HibernateTransactionManager">
		<property name="sessionFactory" ref="sessionFactory" />
		<property name="dataSource" ref="dataSource" />
	</bean>

	<tx:annotation-driven transaction-manager="transactionManager" />

	<bean id="candidateDao"
		class="com.jaymen.candidate.dao.hibernate.CandidateHibernateDao">
		<property name="sessionFactory" ref="sessionFactory" />
	</bean>

	<bean id="organisationDao"
		class="com.jaymen.candidate.dao.hibernate.OrganisationHibernateDao">
		<property name="sessionFactory" ref="sessionFactory" />
	</bean>

	<bean id="employmentDao"
		class="com.jaymen.candidate.dao.hibernate.EmploymentHibernateDao">
		<property name="sessionFactory" ref="sessionFactory" />
	</bean>

	<bean id="skillDao" class="com.jaymen.candidate.dao.hibernate.SkillHibernateDao">
		<property name="sessionFactory" ref="sessionFactory" />
	</bean>
</beans>